07-20-2015INFOThis is an info message.
07-20-2015ERRORThis is an info message.
07-20-2015INFOThis is an info message.
07-20-2015ERRORThis is an info message.
07-20-2015INFOThis is an info message.
07-20-2015ERRORThis is an info message.
07-20-2015INFOThis is an info message.
07-20-2015ERRORThis is an info message.
07-20-2015INFOWe have new coffee cups
07-20-2015ERROR404
07-20-2015INFOThis is an info message.
07-20-2015ERRORThis is an info message.
07-20-2015INFOWe have new coffee cups
07-20-2015ERROR404
07-20-2015INFOThis is an info message.
07-20-2015ERRORThis is an info message.
07-20-2015INFOWe have new coffee cups
07-20-2015ERROR404
07-20-2015INFOThis is an info message.
07-20-2015ERRORThis is an info message.
07-20-2015INFOWe have new coffee cups
07-20-2015ERROR404
07-20-2015INFOThis is an info message.
07-20-2015ERRORThis is an info message.
07-20-2015INFOWe have new coffee cups
07-20-2015ERROR404
07-20-2015INFOThis is an info message.
07-20-2015ERRORThis is an info message.
07-20-2015INFOWe have new coffee cups
07-20-2015ERROR404
07-20-2015INFOThis is an info message.
07-20-2015ERRORThis is an info message.
07-20-2015INFOWe have new coffee cups
07-20-2015ERROR404
07-20-2015INFOThis is an info message.
07-20-2015ERRORThis is an info message.
07-20-2015INFOWe have new coffee cups
07-20-2015ERROR404
07-20-2015INFOThis is an info message.
07-20-2015ERRORThis is an info message.
07-20-2015INFOWe have new coffee cups
07-20-2015ERROR404
07-20-2015INFOThis is an info message.
07-20-2015ERRORThis is an info message.
07-20-2015INFOWe have new coffee cups
07-20-2015ERROR404
07-20-2015INFOThis is an info message.
07-20-2015ERRORThis is an info message.
07-20-2015INFOWe have new coffee cups
07-20-2015ERROR404
07-20-2015INFOThis is an info message.
07-20-2015ERRORThis is an info message.
07-20-2015INFOWe have new coffee cups
07-20-2015ERROR404
07-20-2015INFOThis is an info message.
07-20-2015ERRORThis is an info message.
07-20-2015INFOWe have new coffee cups
07-20-2015ERROR404
07-20-2015INFOThis is an info message.
07-20-2015ERRORThis is an info message.
07-20-2015INFOWe have new coffee cups
07-20-2015ERROR404
07-20-2015INFOThis is an info message.
07-20-2015ERRORThis is an info message.
07-20-2015INFOWe have new coffee cups
07-20-2015ERROR404
07-20-2015INFOThis is an info message.
07-20-2015ERRORThis is an info message.
07-20-2015INFOWe have new coffee cups
07-20-2015ERROR404
07-20-2015INFOThis is an info message.
07-20-2015ERRORThis is an info message.
07-20-2015INFOWe have new coffee cups
07-20-2015ERROR404
07-20-2015INFOThis is an info message.
07-20-2015ERRORThis is an info message.
07-20-2015INFOWe have new coffee cups
07-20-2015ERROR404
07-20-2015INFOThis is an info message.
07-20-2015ERRORThis is an info message.
07-20-2015INFOWe have new coffee cups
07-20-2015ERROR404
07-20-2015INFOThis is an info message.
07-20-2015ERRORThis is an info message.
07-20-2015INFOWe have new coffee cups
07-20-2015ERROR404
07-20-2015INFOThis is an info message.
07-20-2015ERRORThis is an info message.
07-20-2015INFOWe have new coffee cups
07-20-2015ERROR404
07-20-2015INFOThis is an info message.
07-20-2015ERRORThis is an info message.
07-20-2015INFO We have new coffee cups
07-20-2015ERROR 404
07-20-2015INFOThis is an info message.
07-20-2015ERRORThis is an info message.
07-20-2015INFO We have new coffee cups
07-20-2015ERROR 404
07-20-2015INFOThis is an info message.
07-20-2015ERRORThis is an info message.
07-20-2015INFO We have new coffee cups
07-20-2015ERROR 404
07-20-2015INFOThis is an info message.
07-20-2015ERRORThis is an info message.
07-20-2015INFO We have new coffee cups
07-20-2015ERROR 404
07-20-2015INFOThis is an info message.
07-20-2015ERRORThis is an info message.
07-20-2015INFO We have new coffee cups
07-20-2015ERROR 404
07-20-2015INFOThis is an info message.
07-20-2015ERRORThis is an info message.
07-20-2015INFO We have new coffee cups
07-20-2015ERROR 404
07-20-2015INFOThis is an info message.
07-20-2015ERRORThis is an info message.
07-20-2015INFO We have new coffee cups
07-20-2015ERROR 404
07-20-2015INFOThis is an info message.
07-20-2015ERRORThis is an info message.
07-20-2015INFO We have new coffee cups
07-20-2015ERROR 404
07-20-2015INFOThis is an info message.
07-20-2015ERRORThis is an info message.
07-20-2015INFO We have new coffee cups
07-20-2015ERROR 404
07-20-2015INFOThis is an info message.
07-20-2015ERRORThis is an info message.
07-20-2015INFO We have new coffee cups
07-20-2015ERROR 404
07-20-2015INFOThis is an info message.
07-20-2015ERRORThis is an info message.
07-20-2015INFO We have new coffee cups
07-20-2015ERROR 404
